-------------------------------------------------------------------------------
Test set: com.hermesapi.InventarioApiApplicationTests
-------------------------------------------------------------------------------
Tests run: 1, Failures: 0, Errors: 1, Skipped: 0, Time elapsed: 0.95 s <<< FAILURE! - in com.hermesapi.InventarioApiApplicationTests
com.hermesapi.InventarioApiApplicationTests  Time elapsed: 0.946 s  <<< ERROR!
java.lang.IllegalStateException: Unable to find a @SpringBootConfiguration, you need to use @ContextConfiguration or @SpringBootTest(classes=...) with your test

